<?xml version="1.0" encoding="UTF-8"?>
<!-- Generated by org.testng.reporters.JUnitReportReporter -->
<testsuite hostname="DESKTOP-E98D2QV" failures="0" tests="6" name="com.etsy.tests.SignInModule" time="29.135" errors="0" timestamp="2023-03-20T04:32:54 GMT" skipped="0">
  <testcase classname="com.etsy.tests.SignInModule" name="btnSignInClick" time="16.679"/>
  <system-out/>
  <testcase classname="com.etsy.tests.SignInModule" name="vissiblityOfSignInPageWebElements" time="5.704"/>
  <system-out/>
  <testcase classname="com.etsy.tests.SignInModule" name="signin_withoutCredentials" time="1.091"/>
  <system-out/>
  <testcase classname="com.etsy.tests.SignInModule" name="signin_withoutPassword" time="1.919"/>
  <system-out/>
  <testcase classname="com.etsy.tests.SignInModule" name="signin_withoutEmailId" time="1.672"/>
  <system-out/>
  <testcase classname="com.etsy.tests.SignInModule" name="signin_withValidCredentials" time="2.070"/>
  <system-out/>
</testsuite> <!-- com.etsy.tests.SignInModule -->
