<?xml version="1.0" encoding="UTF-8"?>
<!-- Generated by org.testng.reporters.JUnitReportReporter -->
<testsuite hostname="DESKTOP-E98D2QV" failures="0" tests="6" name="com.etsy.tests.SignInModule" time="18.421" errors="0" timestamp="2023-03-20T03:55:16 GMT" skipped="0">
  <testcase classname="com.etsy.tests.SignInModule" name="btnSignInClick" time="2.719"/>
  <system-out/>
  <testcase classname="com.etsy.tests.SignInModule" name="vissiblityOfSignInPageWebElements" time="6.663"/>
  <system-out/>
  <testcase classname="com.etsy.tests.SignInModule" name="signin_withoutCredentials" time="2.173"/>
  <system-out/>
  <testcase classname="com.etsy.tests.SignInModule" name="signin_withoutPassword" time="2.338"/>
  <system-out/>
  <testcase classname="com.etsy.tests.SignInModule" name="signin_withoutEmailId" time="2.323"/>
  <system-out/>
  <testcase classname="com.etsy.tests.SignInModule" name="signin_withValidCredentials" time="2.205"/>
  <system-out/>
</testsuite> <!-- com.etsy.tests.SignInModule -->
