<?xml version="1.0" encoding="UTF-8"?>
<!-- Generated by org.testng.reporters.JUnitReportReporter -->
<testsuite hostname="DESKTOP-E98D2QV" failures="0" tests="3" name="com.etsy.tests.SignInModule" time="24.672" errors="0" timestamp="2023-03-15T06:44:52 GMT" skipped="0">
  <testcase classname="com.etsy.tests.SignInModule" name="btnSignInClick" time="6.295"/>
  <system-out/>
  <testcase classname="com.etsy.tests.SignInModule" name="elementsIsDisplayed" time="10.172"/>
  <system-out/>
  <testcase classname="com.etsy.tests.SignInModule" name="login_withValidCredentials" time="8.205"/>
  <system-out/>
</testsuite> <!-- com.etsy.tests.SignInModule -->
